== S ==
{
 int n;
 int m;
 int i;
 int j;
 int u;
 int v;
 int w;
 int src;
 int[400] graph;
 int[20] dist;
 int[20] visited;
 int min_dist;
 int min_vertex;
 int INF;
 int temp;
 int graph_value;
 INF = 9999;
 read n;
 read m;
 read src;
 i = 0;
 while i < n  {
  j = 0;
  while j < n    {
   if i == j      {
    graph[i * n + j] = 0;
   }
else      {
    graph[i * n + j] = INF;
   }

   j = j + 1;
  }

  i = i + 1;
 }

 i = 0;
 while i < m  {
  read u;
  read v;
  read w;
  graph[u * n + v] = w;
  i = i + 1;
 }

 i = 0;
 while i < n  {
  dist[i] = INF;
  visited[i] = 0;
  i = i + 1;
 }

 dist[src] = 0;
 i = 0;
 while i < n - 1  {
  min_dist = INF;
  min_vertex = 0;
  j = 0;
  while j < n    {
   if visited[j] == 0      {
    if dist[j] < min_dist        {
     min_dist = dist[j];
     min_vertex = j;
    }
else        {
    }

   }
else      {
   }

   j = j + 1;
  }

  visited[min_vertex] = 1;
  j = 0;
  while j < n    {
   graph_value = graph[min_vertex * n + j];
   if visited[j] == 0      {
    if graph_value < INF        {
     temp = dist[min_vertex] + graph_value;
     if temp < dist[j]          {
      dist[j] = temp;
     }
else          {
     }

    }
else        {
    }

   }
else      {
   }

   j = j + 1;
  }

  i = i + 1;
 }

 print 0;
 i = 0;
 while i < n  {
  if dist[i] == INF    {
   print -1;
  }
else    {
   print dist[i];
  }

  i = i + 1;
 }

}
== translating S to CFG ==
cfg has been saved in cfg.dot
== translating S to T ==
0 : n = 0
0 : m = 0
0 : i = 0
0 : j = 0
0 : u = 0
0 : v = 0
0 : w = 0
0 : src = 0
0 : graph = alloc (400)
0 : dist = alloc (20)
0 : visited = alloc (20)
0 : min_dist = 0
0 : min_vertex = 0
0 : INF = 0
0 : temp = 0
0 : graph_value = 0
0 : .t133 = 9999
0 : INF = .t133
0 : read n
0 : read m
0 : read src
0 : .t132 = 0
0 : i = .t132
32 : SKIP
0 : .t105 = i
0 : .t106 = n
0 : .t104 = .t105 < .t106
0 : iffalse .t104 goto 33
0 : .t131 = 0
0 : j = .t131
34 : SKIP
0 : .t111 = j
0 : .t112 = n
0 : .t110 = .t111 < .t112
0 : iffalse .t110 goto 35
0 : .t117 = i
0 : .t118 = j
0 : .t116 = .t117 == .t118
0 : if .t116 goto 36
0 : goto 37
36 : SKIP
0 : .t127 = i
0 : .t128 = n
0 : .t126 = .t127 * .t128
0 : .t129 = j
0 : .t125 = .t126 + .t129
0 : .t130 = 0
0 : graph[.t125] = .t130
0 : goto 38
37 : SKIP
0 : .t121 = i
0 : .t122 = n
0 : .t120 = .t121 * .t122
0 : .t123 = j
0 : .t119 = .t120 + .t123
0 : .t124 = INF
0 : graph[.t119] = .t124
0 : goto 38
38 : SKIP
0 : .t114 = j
0 : .t115 = 1
0 : .t113 = .t114 + .t115
0 : j = .t113
0 : goto 34
35 : SKIP
0 : .t108 = i
0 : .t109 = 1
0 : .t107 = .t108 + .t109
0 : i = .t107
0 : goto 32
33 : SKIP
0 : .t103 = 0
0 : i = .t103
30 : SKIP
0 : .t92 = i
0 : .t93 = m
0 : .t91 = .t92 < .t93
0 : iffalse .t91 goto 31
0 : read u
0 : read v
0 : read w
0 : .t99 = u
0 : .t100 = n
0 : .t98 = .t99 * .t100
0 : .t101 = v
0 : .t97 = .t98 + .t101
0 : .t102 = w
0 : graph[.t97] = .t102
0 : .t95 = i
0 : .t96 = 1
0 : .t94 = .t95 + .t96
0 : i = .t94
0 : goto 30
31 : SKIP
0 : .t90 = 0
0 : i = .t90
28 : SKIP
0 : .t81 = i
0 : .t82 = n
0 : .t80 = .t81 < .t82
0 : iffalse .t80 goto 29
0 : .t88 = i
0 : .t89 = INF
0 : dist[.t88] = .t89
0 : .t86 = i
0 : .t87 = 0
0 : visited[.t86] = .t87
0 : .t84 = i
0 : .t85 = 1
0 : .t83 = .t84 + .t85
0 : i = .t83
0 : goto 28
29 : SKIP
0 : .t78 = src
0 : .t79 = 0
0 : dist[.t78] = .t79
0 : .t77 = 0
0 : i = .t77
7 : SKIP
0 : .t18 = i
0 : .t20 = n
0 : .t21 = 1
0 : .t19 = .t20 - .t21
0 : .t17 = .t18 < .t19
0 : iffalse .t17 goto 8
0 : .t76 = INF
0 : min_dist = .t76
0 : .t75 = 0
0 : min_vertex = .t75
0 : .t74 = 0
0 : j = .t74
20 : SKIP
0 : .t58 = j
0 : .t59 = n
0 : .t57 = .t58 < .t59
0 : iffalse .t57 goto 21
0 : .t65 = j
0 : .t64 = visited[.t65]
0 : .t66 = 0
0 : .t63 = .t64 == .t66
0 : if .t63 goto 22
0 : goto 23
22 : SKIP
0 : .t69 = j
0 : .t68 = dist[.t69]
0 : .t70 = min_dist
0 : .t67 = .t68 < .t70
0 : if .t67 goto 25
0 : goto 26
25 : SKIP
0 : .t73 = j
0 : .t72 = dist[.t73]
0 : min_dist = .t72
0 : .t71 = j
0 : min_vertex = .t71
0 : goto 27
26 : SKIP
0 : goto 27
27 : SKIP
0 : goto 24
23 : SKIP
0 : goto 24
24 : SKIP
0 : .t61 = j
0 : .t62 = 1
0 : .t60 = .t61 + .t62
0 : j = .t60
0 : goto 20
21 : SKIP
0 : .t55 = min_vertex
0 : .t56 = 1
0 : visited[.t55] = .t56
0 : .t54 = 0
0 : j = .t54
9 : SKIP
0 : .t26 = j
0 : .t27 = n
0 : .t25 = .t26 < .t27
0 : iffalse .t25 goto 10
0 : .t51 = min_vertex
0 : .t52 = n
0 : .t50 = .t51 * .t52
0 : .t53 = j
0 : .t49 = .t50 + .t53
0 : .t48 = graph[.t49]
0 : graph_value = .t48
0 : .t33 = j
0 : .t32 = visited[.t33]
0 : .t34 = 0
0 : .t31 = .t32 == .t34
0 : if .t31 goto 11
0 : goto 12
11 : SKIP
0 : .t36 = graph_value
0 : .t37 = INF
0 : .t35 = .t36 < .t37
0 : if .t35 goto 14
0 : goto 15
14 : SKIP
0 : .t46 = min_vertex
0 : .t45 = dist[.t46]
0 : .t47 = graph_value
0 : .t44 = .t45 + .t47
0 : temp = .t44
0 : .t39 = temp
0 : .t41 = j
0 : .t40 = dist[.t41]
0 : .t38 = .t39 < .t40
0 : if .t38 goto 17
0 : goto 18
17 : SKIP
0 : .t42 = j
0 : .t43 = temp
0 : dist[.t42] = .t43
0 : goto 19
18 : SKIP
0 : goto 19
19 : SKIP
0 : goto 16
15 : SKIP
0 : goto 16
16 : SKIP
0 : goto 13
12 : SKIP
0 : goto 13
13 : SKIP
0 : .t29 = j
0 : .t30 = 1
0 : .t28 = .t29 + .t30
0 : j = .t28
0 : goto 9
10 : SKIP
0 : .t23 = i
0 : .t24 = 1
0 : .t22 = .t23 + .t24
0 : i = .t22
0 : goto 7
8 : SKIP
0 : .t16 = 0
0 : write .t16
0 : .t15 = 0
0 : i = .t15
2 : SKIP
0 : .t2 = i
0 : .t3 = n
0 : .t1 = .t2 < .t3
0 : iffalse .t1 goto 3
0 : .t9 = i
0 : .t8 = dist[.t9]
0 : .t10 = INF
0 : .t7 = .t8 == .t10
0 : if .t7 goto 4
0 : goto 5
4 : SKIP
0 : .t14 = 1
0 : .t13 = -.t14
0 : write .t13
0 : goto 6
5 : SKIP
0 : .t12 = i
0 : .t11 = dist[.t12]
0 : write .t11
0 : goto 6
6 : SKIP
0 : .t5 = i
0 : .t6 = 1
0 : .t4 = .t5 + .t6
0 : i = .t4
0 : goto 2
3 : SKIP
0 : HALT
== semantic analyzer ==
no error detected
== executing S ==
0
0
5
8
9
7
10
== executing CFG ==
0
0
5
8
9
7
10
== executing T ==
0
0
5
8
9
7
10
The number of instructions executed : 3390
== optimized T ==
0 : n = 0
0 : m = 0
0 : i = 0
0 : j = 0
0 : u = 0
0 : v = 0
0 : w = 0
0 : src = 0
0 : graph = alloc (400)
0 : dist = alloc (20)
0 : visited = alloc (20)
0 : min_dist = 0
0 : min_vertex = 0
0 : INF = 0
0 : temp = 0
0 : graph_value = 0
0 : .t133 = 9999
0 : INF = .t133
0 : read n
0 : read m
0 : read src
0 : .t132 = 0
0 : i = .t132
32 : SKIP
0 : .t105 = i
0 : .t106 = n
0 : .t104 = .t105 < .t106
0 : iffalse .t104 goto 33
0 : .t131 = 0
0 : j = .t131
34 : SKIP
0 : .t111 = j
0 : .t112 = n
0 : .t110 = .t111 < .t112
0 : iffalse .t110 goto 35
0 : .t117 = i
0 : .t118 = j
0 : .t116 = .t117 == .t118
0 : if .t116 goto 36
0 : goto 37
36 : SKIP
0 : .t127 = i
0 : .t128 = n
0 : .t126 = .t127 * .t128
0 : .t129 = j
0 : .t125 = .t126 + .t129
0 : .t130 = 0
0 : graph[.t125] = .t130
0 : goto 38
37 : SKIP
0 : .t121 = i
0 : .t122 = n
0 : .t120 = .t121 * .t122
0 : .t123 = j
0 : .t119 = .t120 + .t123
0 : .t124 = INF
0 : graph[.t119] = .t124
0 : goto 38
38 : SKIP
0 : .t114 = j
0 : .t115 = 1
0 : .t113 = .t114 + .t115
0 : j = .t113
0 : goto 34
35 : SKIP
0 : .t108 = i
0 : .t109 = 1
0 : .t107 = .t108 + .t109
0 : i = .t107
0 : goto 32
33 : SKIP
0 : .t103 = 0
0 : i = .t103
30 : SKIP
0 : .t92 = i
0 : .t93 = m
0 : .t91 = .t92 < .t93
0 : iffalse .t91 goto 31
0 : read u
0 : read v
0 : read w
0 : .t99 = u
0 : .t100 = n
0 : .t98 = .t99 * .t100
0 : .t101 = v
0 : .t97 = .t98 + .t101
0 : .t102 = w
0 : graph[.t97] = .t102
0 : .t95 = i
0 : .t96 = 1
0 : .t94 = .t95 + .t96
0 : i = .t94
0 : goto 30
31 : SKIP
0 : .t90 = 0
0 : i = .t90
28 : SKIP
0 : .t81 = i
0 : .t82 = n
0 : .t80 = .t81 < .t82
0 : iffalse .t80 goto 29
0 : .t88 = i
0 : .t89 = INF
0 : dist[.t88] = .t89
0 : .t86 = i
0 : .t87 = 0
0 : visited[.t86] = .t87
0 : .t84 = i
0 : .t85 = 1
0 : .t83 = .t84 + .t85
0 : i = .t83
0 : goto 28
29 : SKIP
0 : .t78 = src
0 : .t79 = 0
0 : dist[.t78] = .t79
0 : .t77 = 0
0 : i = .t77
7 : SKIP
0 : .t18 = i
0 : .t20 = n
0 : .t21 = 1
0 : .t19 = .t20 - .t21
0 : .t17 = .t18 < .t19
0 : iffalse .t17 goto 8
0 : .t76 = INF
0 : min_dist = .t76
0 : .t75 = 0
0 : min_vertex = .t75
0 : .t74 = 0
0 : j = .t74
20 : SKIP
0 : .t58 = j
0 : .t59 = n
0 : .t57 = .t58 < .t59
0 : iffalse .t57 goto 21
0 : .t65 = j
0 : .t64 = visited[.t65]
0 : .t66 = 0
0 : .t63 = .t64 == .t66
0 : if .t63 goto 22
0 : goto 23
22 : SKIP
0 : .t69 = j
0 : .t68 = dist[.t69]
0 : .t70 = min_dist
0 : .t67 = .t68 < .t70
0 : if .t67 goto 25
0 : goto 26
25 : SKIP
0 : .t73 = j
0 : .t72 = dist[.t73]
0 : min_dist = .t72
0 : .t71 = j
0 : min_vertex = .t71
0 : goto 27
26 : SKIP
0 : goto 27
27 : SKIP
0 : goto 24
23 : SKIP
0 : goto 24
24 : SKIP
0 : .t61 = j
0 : .t62 = 1
0 : .t60 = .t61 + .t62
0 : j = .t60
0 : goto 20
21 : SKIP
0 : .t55 = min_vertex
0 : .t56 = 1
0 : visited[.t55] = .t56
0 : .t54 = 0
0 : j = .t54
9 : SKIP
0 : .t26 = j
0 : .t27 = n
0 : .t25 = .t26 < .t27
0 : iffalse .t25 goto 10
0 : .t51 = min_vertex
0 : .t52 = n
0 : .t50 = .t51 * .t52
0 : .t53 = j
0 : .t49 = .t50 + .t53
0 : .t48 = graph[.t49]
0 : graph_value = .t48
0 : .t33 = j
0 : .t32 = visited[.t33]
0 : .t34 = 0
0 : .t31 = .t32 == .t34
0 : if .t31 goto 11
0 : goto 12
11 : SKIP
0 : .t36 = graph_value
0 : .t37 = INF
0 : .t35 = .t36 < .t37
0 : if .t35 goto 14
0 : goto 15
14 : SKIP
0 : .t46 = min_vertex
0 : .t45 = dist[.t46]
0 : .t47 = graph_value
0 : .t44 = .t45 + .t47
0 : temp = .t44
0 : .t39 = temp
0 : .t41 = j
0 : .t40 = dist[.t41]
0 : .t38 = .t39 < .t40
0 : if .t38 goto 17
0 : goto 18
17 : SKIP
0 : .t42 = j
0 : .t43 = temp
0 : dist[.t42] = .t43
0 : goto 19
18 : SKIP
0 : goto 19
19 : SKIP
0 : goto 16
15 : SKIP
0 : goto 16
16 : SKIP
0 : goto 13
12 : SKIP
0 : goto 13
13 : SKIP
0 : .t29 = j
0 : .t30 = 1
0 : .t28 = .t29 + .t30
0 : j = .t28
0 : goto 9
10 : SKIP
0 : .t23 = i
0 : .t24 = 1
0 : .t22 = .t23 + .t24
0 : i = .t22
0 : goto 7
8 : SKIP
0 : .t16 = 0
0 : write .t16
0 : .t15 = 0
0 : i = .t15
2 : SKIP
0 : .t2 = i
0 : .t3 = n
0 : .t1 = .t2 < .t3
0 : iffalse .t1 goto 3
0 : .t9 = i
0 : .t8 = dist[.t9]
0 : .t10 = INF
0 : .t7 = .t8 == .t10
0 : if .t7 goto 4
0 : goto 5
4 : SKIP
0 : .t14 = 1
0 : .t13 = -.t14
0 : write .t13
0 : goto 6
5 : SKIP
0 : .t12 = i
0 : .t11 = dist[.t12]
0 : write .t11
0 : goto 6
6 : SKIP
0 : .t5 = i
0 : .t6 = 1
0 : .t4 = .t5 + .t6
0 : i = .t4
0 : goto 2
3 : SKIP
0 : HALT
== executing T ==
0
0
5
8
9
7
10
The number of instructions executed : 3390
