== S ==
{
 int n;
 int i;
 int j;
 int temp;
 int result;
 int[20] arr;
 int[20] fib;
 int sum;
 int flag;
 int is_even;
 read n;
 i = 0;
 while i < n && i < 20  {
  arr[i] = i * i;
  i = i + 1;
 }

 fib[0] = 0;
 fib[1] = 1;
 i = 2;
 while i < n && i < 20  {
  fib[i] = fib[i - 1] + fib[i - 2];
  i = i + 1;
 }

 result = n * 3 + 2 * n - 1 / 2;
 print result;
 sum = 0;
 i = 0;
 flag = 0;
 if n > 5  {
  while i < n    {
   j = 0;
   while j < i      {
    temp = i + j / 2;
    is_even = i + j == temp * 2;
    if is_even        {
     sum = sum + i * j;
    }
else        {
     if flag == 0          {
      sum = sum + i + j;
      flag = 1;
     }
else          {
      sum = sum - i - j;
      flag = 0;
     }

    }

    j = j + 1;
   }

   i = i + 1;
  }

 }
else  {
  do      {
    sum = sum + i * i;
    i = i + 1;
   }
  whilei < n;
 }

 print sum;
 i = 1;
 j = 2;
 if i + j * 2 < n && i + j * 2 < 20  {
  arr[i + j * 2] = sum;
  print arr[i + j * 2];
 }
else  {
  print -1;
 }

 i = 0;
 while i < n && i < 20  {
  temp = fib[i] / 2;
  is_even = fib[i] == temp * 2;
  if is_even    {
   print fib[i];
  }
else    {
   if arr[i] > fib[i]      {
    print arr[i] - fib[i];
   }
else      {
    print fib[i] - arr[i];
   }

  }

  i = i + 1;
 }

 print 9999;
}
== translating S to CFG ==
cfg has been saved in cfg.dot
== translating S to T ==
0 : n = 0
0 : i = 0
0 : j = 0
0 : temp = 0
0 : result = 0
0 : arr = alloc (20)
0 : fib = alloc (20)
0 : sum = 0
0 : flag = 0
0 : is_even = 0
0 : read n
0 : .t195 = 0
0 : i = .t195
30 : SKIP
0 : .t183 = i
0 : .t184 = n
0 : .t182 = .t183 < .t184
0 : .t186 = i
0 : .t187 = 20
0 : .t185 = .t186 < .t187
0 : .t181 = .t182 && .t185
0 : iffalse .t181 goto 31
0 : .t191 = i
0 : .t193 = i
0 : .t194 = i
0 : .t192 = .t193 * .t194
0 : arr[.t191] = .t192
0 : .t189 = i
0 : .t190 = 1
0 : .t188 = .t189 + .t190
0 : i = .t188
0 : goto 30
31 : SKIP
0 : .t179 = 0
0 : .t180 = 0
0 : fib[.t179] = .t180
0 : .t177 = 1
0 : .t178 = 1
0 : fib[.t177] = .t178
0 : .t176 = 2
0 : i = .t176
28 : SKIP
0 : .t158 = i
0 : .t159 = n
0 : .t157 = .t158 < .t159
0 : .t161 = i
0 : .t162 = 20
0 : .t160 = .t161 < .t162
0 : .t156 = .t157 && .t160
0 : iffalse .t156 goto 29
0 : .t166 = i
0 : .t170 = i
0 : .t171 = 1
0 : .t169 = .t170 - .t171
0 : .t168 = fib[.t169]
0 : .t174 = i
0 : .t175 = 2
0 : .t173 = .t174 - .t175
0 : .t172 = fib[.t173]
0 : .t167 = .t168 + .t172
0 : fib[.t166] = .t167
0 : .t164 = i
0 : .t165 = 1
0 : .t163 = .t164 + .t165
0 : i = .t163
0 : goto 28
29 : SKIP
0 : .t149 = n
0 : .t150 = 3
0 : .t148 = .t149 * .t150
0 : .t151 = 2
0 : .t147 = .t148 + .t151
0 : .t153 = n
0 : .t154 = 1
0 : .t152 = .t153 - .t154
0 : .t146 = .t147 * .t152
0 : .t155 = 2
0 : .t145 = .t146 / .t155
0 : result = .t145
0 : .t144 = result
0 : write .t144
0 : .t143 = 0
0 : sum = .t143
0 : .t142 = 0
0 : i = .t142
0 : .t141 = 0
0 : flag = .t141
0 : .t74 = n
0 : .t75 = 5
0 : .t73 = .t74 > .t75
0 : if .t73 goto 13
0 : goto 14
13 : SKIP
18 : SKIP
0 : .t96 = i
0 : .t97 = n
0 : .t95 = .t96 < .t97
0 : iffalse .t95 goto 19
0 : .t140 = 0
0 : j = .t140
20 : SKIP
0 : .t102 = j
0 : .t103 = i
0 : .t101 = .t102 < .t103
0 : iffalse .t101 goto 21
0 : .t137 = i
0 : .t138 = j
0 : .t136 = .t137 + .t138
0 : .t139 = 2
0 : .t135 = .t136 / .t139
0 : temp = .t135
0 : .t130 = i
0 : .t131 = j
0 : .t129 = .t130 + .t131
0 : .t133 = temp
0 : .t134 = 2
0 : .t132 = .t133 * .t134
0 : .t128 = .t129 == .t132
0 : is_even = .t128
0 : .t107 = is_even
0 : if .t107 goto 22
0 : goto 23
22 : SKIP
0 : .t124 = sum
0 : .t126 = i
0 : .t127 = j
0 : .t125 = .t126 * .t127
0 : .t123 = .t124 + .t125
0 : sum = .t123
0 : goto 24
23 : SKIP
0 : .t109 = flag
0 : .t110 = 0
0 : .t108 = .t109 == .t110
0 : if .t108 goto 25
0 : goto 26
25 : SKIP
0 : .t120 = sum
0 : .t121 = i
0 : .t119 = .t120 + .t121
0 : .t122 = j
0 : .t118 = .t119 + .t122
0 : sum = .t118
0 : .t117 = 1
0 : flag = .t117
0 : goto 27
26 : SKIP
0 : .t114 = sum
0 : .t115 = i
0 : .t113 = .t114 - .t115
0 : .t116 = j
0 : .t112 = .t113 - .t116
0 : sum = .t112
0 : .t111 = 0
0 : flag = .t111
0 : goto 27
27 : SKIP
0 : goto 24
24 : SKIP
0 : .t105 = j
0 : .t106 = 1
0 : .t104 = .t105 + .t106
0 : j = .t104
0 : goto 20
21 : SKIP
0 : .t99 = i
0 : .t100 = 1
0 : .t98 = .t99 + .t100
0 : i = .t98
0 : goto 18
19 : SKIP
0 : goto 15
14 : SKIP
0 : .t91 = sum
0 : .t93 = i
0 : .t94 = i
0 : .t92 = .t93 * .t94
0 : .t90 = .t91 + .t92
0 : sum = .t90
0 : .t88 = i
0 : .t89 = 1
0 : .t87 = .t88 + .t89
0 : i = .t87
16 : SKIP
0 : .t77 = i
0 : .t78 = n
0 : .t76 = .t77 < .t78
0 : iffalse .t76 goto 17
0 : .t83 = sum
0 : .t85 = i
0 : .t86 = i
0 : .t84 = .t85 * .t86
0 : .t82 = .t83 + .t84
0 : sum = .t82
0 : .t80 = i
0 : .t81 = 1
0 : .t79 = .t80 + .t81
0 : i = .t79
0 : goto 16
17 : SKIP
0 : goto 15
15 : SKIP
0 : .t72 = sum
0 : write .t72
0 : .t71 = 1
0 : i = .t71
0 : .t70 = 2
0 : j = .t70
0 : .t44 = i
0 : .t46 = j
0 : .t47 = 2
0 : .t45 = .t46 * .t47
0 : .t43 = .t44 + .t45
0 : .t48 = n
0 : .t42 = .t43 < .t48
0 : .t51 = i
0 : .t53 = j
0 : .t54 = 2
0 : .t52 = .t53 * .t54
0 : .t50 = .t51 + .t52
0 : .t55 = 20
0 : .t49 = .t50 < .t55
0 : .t41 = .t42 && .t49
0 : if .t41 goto 10
0 : goto 11
10 : SKIP
0 : .t65 = i
0 : .t67 = j
0 : .t68 = 2
0 : .t66 = .t67 * .t68
0 : .t64 = .t65 + .t66
0 : .t69 = sum
0 : arr[.t64] = .t69
0 : .t60 = i
0 : .t62 = j
0 : .t63 = 2
0 : .t61 = .t62 * .t63
0 : .t59 = .t60 + .t61
0 : .t58 = arr[.t59]
0 : write .t58
0 : goto 12
11 : SKIP
0 : .t57 = 1
0 : .t56 = -.t57
0 : write .t56
0 : goto 12
12 : SKIP
0 : .t40 = 0
0 : i = .t40
2 : SKIP
0 : .t4 = i
0 : .t5 = n
0 : .t3 = .t4 < .t5
0 : .t7 = i
0 : .t8 = 20
0 : .t6 = .t7 < .t8
0 : .t2 = .t3 && .t6
0 : iffalse .t2 goto 3
0 : .t38 = i
0 : .t37 = fib[.t38]
0 : .t39 = 2
0 : .t36 = .t37 / .t39
0 : temp = .t36
0 : .t32 = i
0 : .t31 = fib[.t32]
0 : .t34 = temp
0 : .t35 = 2
0 : .t33 = .t34 * .t35
0 : .t30 = .t31 == .t33
0 : is_even = .t30
0 : .t12 = is_even
0 : if .t12 goto 4
0 : goto 5
4 : SKIP
0 : .t29 = i
0 : .t28 = fib[.t29]
0 : write .t28
0 : goto 6
5 : SKIP
0 : .t15 = i
0 : .t14 = arr[.t15]
0 : .t17 = i
0 : .t16 = fib[.t17]
0 : .t13 = .t14 > .t16
0 : if .t13 goto 7
0 : goto 8
7 : SKIP
0 : .t25 = i
0 : .t24 = arr[.t25]
0 : .t27 = i
0 : .t26 = fib[.t27]
0 : .t23 = .t24 - .t26
0 : write .t23
0 : goto 9
8 : SKIP
0 : .t20 = i
0 : .t19 = fib[.t20]
0 : .t22 = i
0 : .t21 = arr[.t22]
0 : .t18 = .t19 - .t21
0 : write .t18
0 : goto 9
9 : SKIP
0 : goto 6
6 : SKIP
0 : .t10 = i
0 : .t11 = 1
0 : .t9 = .t10 + .t11
0 : i = .t9
0 : goto 2
3 : SKIP
0 : .t1 = 9999
0 : write .t1
0 : HALT
== semantic analyzer ==
no error detected
== executing S ==
144
367
367
0
0
3
2
13
362
8
36
43
34
9999
== executing CFG ==
144
367
367
0
0
3
2
13
362
8
36
43
34
9999
== executing T ==
144
367
367
0
0
3
2
13
362
8
36
43
34
9999
The number of instructions executed : 2953
== optimized T ==
0 : n = 0
0 : i = 0
0 : j = 0
0 : temp = 0
0 : result = 0
0 : arr = alloc (20)
0 : fib = alloc (20)
0 : sum = 0
0 : flag = 0
0 : is_even = 0
0 : read n
0 : .t195 = 0
0 : i = .t195
30 : SKIP
0 : .t183 = i
0 : .t184 = n
0 : .t182 = .t183 < .t184
0 : .t186 = i
0 : .t187 = 20
0 : .t185 = .t186 < .t187
0 : .t181 = .t182 && .t185
0 : iffalse .t181 goto 31
0 : .t191 = i
0 : .t193 = i
0 : .t194 = i
0 : .t192 = .t193 * .t194
0 : arr[.t191] = .t192
0 : .t189 = i
0 : .t190 = 1
0 : .t188 = .t189 + .t190
0 : i = .t188
0 : goto 30
31 : SKIP
0 : .t179 = 0
0 : .t180 = 0
0 : fib[.t179] = .t180
0 : .t177 = 1
0 : .t178 = 1
0 : fib[.t177] = .t178
0 : .t176 = 2
0 : i = .t176
28 : SKIP
0 : .t158 = i
0 : .t159 = n
0 : .t157 = .t158 < .t159
0 : .t161 = i
0 : .t162 = 20
0 : .t160 = .t161 < .t162
0 : .t156 = .t157 && .t160
0 : iffalse .t156 goto 29
0 : .t166 = i
0 : .t170 = i
0 : .t171 = 1
0 : .t169 = .t170 - .t171
0 : .t168 = fib[.t169]
0 : .t174 = i
0 : .t175 = 2
0 : .t173 = .t174 - .t175
0 : .t172 = fib[.t173]
0 : .t167 = .t168 + .t172
0 : fib[.t166] = .t167
0 : .t164 = i
0 : .t165 = 1
0 : .t163 = .t164 + .t165
0 : i = .t163
0 : goto 28
29 : SKIP
0 : .t149 = n
0 : .t150 = 3
0 : .t148 = .t149 * .t150
0 : .t151 = 2
0 : .t147 = .t148 + .t151
0 : .t153 = n
0 : .t154 = 1
0 : .t152 = .t153 - .t154
0 : .t146 = .t147 * .t152
0 : .t155 = 2
0 : .t145 = .t146 / .t155
0 : result = .t145
0 : .t144 = result
0 : write .t144
0 : .t143 = 0
0 : sum = .t143
0 : .t142 = 0
0 : i = .t142
0 : .t141 = 0
0 : flag = .t141
0 : .t74 = n
0 : .t75 = 5
0 : .t73 = .t74 > .t75
0 : if .t73 goto 13
0 : goto 14
13 : SKIP
18 : SKIP
0 : .t96 = i
0 : .t97 = n
0 : .t95 = .t96 < .t97
0 : iffalse .t95 goto 19
0 : .t140 = 0
0 : j = .t140
20 : SKIP
0 : .t102 = j
0 : .t103 = i
0 : .t101 = .t102 < .t103
0 : iffalse .t101 goto 21
0 : .t137 = i
0 : .t138 = j
0 : .t136 = .t137 + .t138
0 : .t139 = 2
0 : .t135 = .t136 / .t139
0 : temp = .t135
0 : .t130 = i
0 : .t131 = j
0 : .t129 = .t130 + .t131
0 : .t133 = temp
0 : .t134 = 2
0 : .t132 = .t133 * .t134
0 : .t128 = .t129 == .t132
0 : is_even = .t128
0 : .t107 = is_even
0 : if .t107 goto 22
0 : goto 23
22 : SKIP
0 : .t124 = sum
0 : .t126 = i
0 : .t127 = j
0 : .t125 = .t126 * .t127
0 : .t123 = .t124 + .t125
0 : sum = .t123
0 : goto 24
23 : SKIP
0 : .t109 = flag
0 : .t110 = 0
0 : .t108 = .t109 == .t110
0 : if .t108 goto 25
0 : goto 26
25 : SKIP
0 : .t120 = sum
0 : .t121 = i
0 : .t119 = .t120 + .t121
0 : .t122 = j
0 : .t118 = .t119 + .t122
0 : sum = .t118
0 : .t117 = 1
0 : flag = .t117
0 : goto 27
26 : SKIP
0 : .t114 = sum
0 : .t115 = i
0 : .t113 = .t114 - .t115
0 : .t116 = j
0 : .t112 = .t113 - .t116
0 : sum = .t112
0 : .t111 = 0
0 : flag = .t111
0 : goto 27
27 : SKIP
0 : goto 24
24 : SKIP
0 : .t105 = j
0 : .t106 = 1
0 : .t104 = .t105 + .t106
0 : j = .t104
0 : goto 20
21 : SKIP
0 : .t99 = i
0 : .t100 = 1
0 : .t98 = .t99 + .t100
0 : i = .t98
0 : goto 18
19 : SKIP
0 : goto 15
14 : SKIP
0 : .t91 = sum
0 : .t93 = i
0 : .t94 = i
0 : .t92 = .t93 * .t94
0 : .t90 = .t91 + .t92
0 : sum = .t90
0 : .t88 = i
0 : .t89 = 1
0 : .t87 = .t88 + .t89
0 : i = .t87
16 : SKIP
0 : .t77 = i
0 : .t78 = n
0 : .t76 = .t77 < .t78
0 : iffalse .t76 goto 17
0 : .t83 = sum
0 : .t85 = i
0 : .t86 = i
0 : .t84 = .t85 * .t86
0 : .t82 = .t83 + .t84
0 : sum = .t82
0 : .t80 = i
0 : .t81 = 1
0 : .t79 = .t80 + .t81
0 : i = .t79
0 : goto 16
17 : SKIP
0 : goto 15
15 : SKIP
0 : .t72 = sum
0 : write .t72
0 : .t71 = 1
0 : i = .t71
0 : .t70 = 2
0 : j = .t70
0 : .t44 = i
0 : .t46 = j
0 : .t47 = 2
0 : .t45 = .t46 * .t47
0 : .t43 = .t44 + .t45
0 : .t48 = n
0 : .t42 = .t43 < .t48
0 : .t51 = i
0 : .t53 = j
0 : .t54 = 2
0 : .t52 = .t53 * .t54
0 : .t50 = .t51 + .t52
0 : .t55 = 20
0 : .t49 = .t50 < .t55
0 : .t41 = .t42 && .t49
0 : if .t41 goto 10
0 : goto 11
10 : SKIP
0 : .t65 = i
0 : .t67 = j
0 : .t68 = 2
0 : .t66 = .t67 * .t68
0 : .t64 = .t65 + .t66
0 : .t69 = sum
0 : arr[.t64] = .t69
0 : .t60 = i
0 : .t62 = j
0 : .t63 = 2
0 : .t61 = .t62 * .t63
0 : .t59 = .t60 + .t61
0 : .t58 = arr[.t59]
0 : write .t58
0 : goto 12
11 : SKIP
0 : .t57 = 1
0 : .t56 = -.t57
0 : write .t56
0 : goto 12
12 : SKIP
0 : .t40 = 0
0 : i = .t40
2 : SKIP
0 : .t4 = i
0 : .t5 = n
0 : .t3 = .t4 < .t5
0 : .t7 = i
0 : .t8 = 20
0 : .t6 = .t7 < .t8
0 : .t2 = .t3 && .t6
0 : iffalse .t2 goto 3
0 : .t38 = i
0 : .t37 = fib[.t38]
0 : .t39 = 2
0 : .t36 = .t37 / .t39
0 : temp = .t36
0 : .t32 = i
0 : .t31 = fib[.t32]
0 : .t34 = temp
0 : .t35 = 2
0 : .t33 = .t34 * .t35
0 : .t30 = .t31 == .t33
0 : is_even = .t30
0 : .t12 = is_even
0 : if .t12 goto 4
0 : goto 5
4 : SKIP
0 : .t29 = i
0 : .t28 = fib[.t29]
0 : write .t28
0 : goto 6
5 : SKIP
0 : .t15 = i
0 : .t14 = arr[.t15]
0 : .t17 = i
0 : .t16 = fib[.t17]
0 : .t13 = .t14 > .t16
0 : if .t13 goto 7
0 : goto 8
7 : SKIP
0 : .t25 = i
0 : .t24 = arr[.t25]
0 : .t27 = i
0 : .t26 = fib[.t27]
0 : .t23 = .t24 - .t26
0 : write .t23
0 : goto 9
8 : SKIP
0 : .t20 = i
0 : .t19 = fib[.t20]
0 : .t22 = i
0 : .t21 = arr[.t22]
0 : .t18 = .t19 - .t21
0 : write .t18
0 : goto 9
9 : SKIP
0 : goto 6
6 : SKIP
0 : .t10 = i
0 : .t11 = 1
0 : .t9 = .t10 + .t11
0 : i = .t9
0 : goto 2
3 : SKIP
0 : .t1 = 9999
0 : write .t1
0 : HALT
== executing T ==
144
367
367
0
0
3
2
13
362
8
36
43
34
9999
The number of instructions executed : 2953
