== S ==
{
 int[10] arr;
 int i;
 i = 0;
 j = 0;
 while i < 10  {
  arr[i] = i;
  i = i + 1;
  j = j + 1;
 }

 print i;
}
== translating S to CFG ==
cfg has been saved in cfg.dot
== translating S to T ==
0 : arr = alloc (10)
0 : i = 0
0 : .t14 = 0
0 : i = .t14
0 : .t13 = 0
0 : j = .t13
2 : SKIP
0 : .t3 = i
0 : .t4 = 10
0 : .t2 = .t3 < .t4
0 : iffalse .t2 goto 3
0 : .t11 = i
0 : .t12 = i
0 : arr[.t11] = .t12
0 : .t9 = i
0 : .t10 = 1
0 : .t8 = .t9 + .t10
0 : i = .t8
0 : .t6 = j
0 : .t7 = 1
0 : .t5 = .t6 + .t7
0 : j = .t5
0 : goto 2
3 : SKIP
0 : .t1 = i
0 : write .t1
0 : HALT
== semantic analyzer ==
no error detected
== executing S ==
10
== executing CFG ==
10
== executing T ==
10
The number of instructions executed : 184
== optimized T ==
0 : arr = alloc (10)
0 : i = 0
0 : .t14 = 0
0 : i = .t14
0 : .t13 = 0
0 : j = .t13
2 : SKIP
0 : .t3 = i
0 : .t4 = 10
0 : .t2 = .t3 < .t4
0 : iffalse .t2 goto 3
0 : .t11 = i
0 : .t12 = i
0 : arr[.t11] = .t12
0 : .t9 = i
0 : .t10 = 1
0 : .t8 = .t9 + .t10
0 : i = .t8
0 : .t6 = j
0 : .t7 = 1
0 : .t5 = .t6 + .t7
0 : j = .t5
0 : goto 2
3 : SKIP
0 : .t1 = i
0 : write .t1
0 : HALT
== executing T ==
10
The number of instructions executed : 184
