== S ==
{
 int x;
 int y;
 int n;
 int i;
 int[10] fib;
 x = 0;
 y = 1;
 i = 0;
 n = 10;
 while i < n  {
  x = y;
  y = x + y;
  fib[i] = y;
  i = i + 1;
 }

 i = 0;
 while i < n  {
  print fib[i];
  i = i + 1;
 }

}
== translating S to CFG ==
cfg has been saved in cfg.dot
== translating S to T ==
0 : x = 0
0 : y = 0
0 : n = 0
0 : i = 0
0 : fib = alloc (10)
0 : .t25 = 0
0 : x = .t25
0 : .t24 = 1
0 : y = .t24
0 : .t23 = 0
0 : i = .t23
0 : .t22 = 10
0 : n = .t22
4 : SKIP
0 : .t11 = i
0 : .t12 = n
0 : .t10 = .t11 < .t12
0 : iffalse .t10 goto 5
0 : .t21 = y
0 : x = .t21
0 : .t19 = x
0 : .t20 = y
0 : .t18 = .t19 + .t20
0 : y = .t18
0 : .t16 = i
0 : .t17 = y
0 : fib[.t16] = .t17
0 : .t14 = i
0 : .t15 = 1
0 : .t13 = .t14 + .t15
0 : i = .t13
0 : goto 4
5 : SKIP
0 : .t9 = 0
0 : i = .t9
2 : SKIP
0 : .t2 = i
0 : .t3 = n
0 : .t1 = .t2 < .t3
0 : iffalse .t1 goto 3
0 : .t8 = i
0 : .t7 = fib[.t8]
0 : write .t7
0 : .t5 = i
0 : .t6 = 1
0 : .t4 = .t5 + .t6
0 : i = .t4
0 : goto 2
3 : SKIP
0 : HALT
== semantic analyzer ==
no error detected
== executing S ==
2
4
8
16
32
64
128
256
512
1024
== executing CFG ==
2
4
8
16
32
64
128
256
512
1024
== executing T ==
2
4
8
16
32
64
128
256
512
1024
The number of instructions executed : 347
== optimized T ==
0 : x = 0
0 : y = 0
0 : n = 0
0 : i = 0
0 : fib = alloc (10)
0 : .t25 = 0
0 : x = .t25
0 : .t24 = 1
0 : y = .t24
0 : .t23 = 0
0 : i = .t23
0 : .t22 = 10
0 : n = .t22
4 : SKIP
0 : .t11 = i
0 : .t12 = n
0 : .t10 = .t11 < .t12
0 : iffalse .t10 goto 5
0 : .t21 = y
0 : x = .t21
0 : .t19 = x
0 : .t20 = y
0 : .t18 = .t19 + .t20
0 : y = .t18
0 : .t16 = i
0 : .t17 = y
0 : fib[.t16] = .t17
0 : .t14 = i
0 : .t15 = 1
0 : .t13 = .t14 + .t15
0 : i = .t13
0 : goto 4
5 : SKIP
0 : .t9 = 0
0 : i = .t9
2 : SKIP
0 : .t2 = i
0 : .t3 = n
0 : .t1 = .t2 < .t3
0 : iffalse .t1 goto 3
0 : .t8 = i
0 : .t7 = fib[.t8]
0 : write .t7
0 : .t5 = i
0 : .t6 = 1
0 : .t4 = .t5 + .t6
0 : i = .t4
0 : goto 2
3 : SKIP
0 : HALT
== executing T ==
2
4
8
16
32
64
128
256
512
1024
The number of instructions executed : 347
