== S ==
{
 int size;
 int[100] a;
 int i;
 int j;
 int cnt;
 i = 0;
 cnt = 0;
 while i < 10  {
  j = 0;
  while j < 10    {
   a[i * 10 + j] = cnt;
   j = j + 1;
   cnt = cnt + 1;
  }

  i = i + 1;
 }

 print a[10];
 print a[20];
}
== translating S to CFG ==
cfg has been saved in cfg.dot
== translating S to T ==
0 : size = 0
0 : a = alloc (100)
0 : i = 0
0 : j = 0
0 : cnt = 0
0 : .t28 = 0
0 : i = .t28
0 : .t27 = 0
0 : cnt = .t27
2 : SKIP
0 : .t6 = i
0 : .t7 = 10
0 : .t5 = .t6 < .t7
0 : iffalse .t5 goto 3
0 : .t26 = 0
0 : j = .t26
4 : SKIP
0 : .t12 = j
0 : .t13 = 10
0 : .t11 = .t12 < .t13
0 : iffalse .t11 goto 5
0 : .t22 = i
0 : .t23 = 10
0 : .t21 = .t22 * .t23
0 : .t24 = j
0 : .t20 = .t21 + .t24
0 : .t25 = cnt
0 : a[.t20] = .t25
0 : .t18 = j
0 : .t19 = 1
0 : .t17 = .t18 + .t19
0 : j = .t17
0 : .t15 = cnt
0 : .t16 = 1
0 : .t14 = .t15 + .t16
0 : cnt = .t14
0 : goto 4
5 : SKIP
0 : .t9 = i
0 : .t10 = 1
0 : .t8 = .t9 + .t10
0 : i = .t8
0 : goto 2
3 : SKIP
0 : .t4 = 10
0 : .t3 = a[.t4]
0 : write .t3
0 : .t2 = 20
0 : .t1 = a[.t2]
0 : write .t1
0 : HALT
== semantic analyzer ==
no error detected
== executing S ==
10
20
== executing CFG ==
10
20
== executing T ==
10
20
The number of instructions executed : 2301
== optimized T ==
0 : size = 0
0 : a = alloc (100)
0 : i = 0
0 : j = 0
0 : cnt = 0
0 : .t28 = 0
0 : i = .t28
0 : .t27 = 0
0 : cnt = .t27
2 : SKIP
0 : .t6 = i
0 : .t7 = 10
0 : .t5 = .t6 < .t7
0 : iffalse .t5 goto 3
0 : .t26 = 0
0 : j = .t26
4 : SKIP
0 : .t12 = j
0 : .t13 = 10
0 : .t11 = .t12 < .t13
0 : iffalse .t11 goto 5
0 : .t22 = i
0 : .t23 = 10
0 : .t21 = .t22 * .t23
0 : .t24 = j
0 : .t20 = .t21 + .t24
0 : .t25 = cnt
0 : a[.t20] = .t25
0 : .t18 = j
0 : .t19 = 1
0 : .t17 = .t18 + .t19
0 : j = .t17
0 : .t15 = cnt
0 : .t16 = 1
0 : .t14 = .t15 + .t16
0 : cnt = .t14
0 : goto 4
5 : SKIP
0 : .t9 = i
0 : .t10 = 1
0 : .t8 = .t9 + .t10
0 : i = .t8
0 : goto 2
3 : SKIP
0 : .t4 = 10
0 : .t3 = a[.t4]
0 : write .t3
0 : .t2 = 20
0 : .t1 = a[.t2]
0 : write .t1
0 : HALT
== executing T ==
10
20
The number of instructions executed : 2301
