== S ==
{
 int sum;
 int i;
 i = 0;
 sum = 0;
 while i < 10  {
  sum = sum + i;
  i = i + 1;
 }

 print sum;
}
== translating S to CFG ==
cfg has been saved in cfg.dot
== translating S to T ==
0 : sum = 0
0 : i = 0
0 : .t12 = 0
0 : i = .t12
0 : .t11 = 0
0 : sum = .t11
2 : SKIP
0 : .t3 = i
0 : .t4 = 10
0 : .t2 = .t3 < .t4
0 : iffalse .t2 goto 3
0 : .t9 = sum
0 : .t10 = i
0 : .t8 = .t9 + .t10
0 : sum = .t8
0 : .t6 = i
0 : .t7 = 1
0 : .t5 = .t6 + .t7
0 : i = .t5
0 : goto 2
3 : SKIP
0 : .t1 = sum
0 : write .t1
0 : HALT
== semantic analyzer ==
no error detected
== executing S ==
45
== executing CFG ==
45
== executing T ==
45
The number of instructions executed : 154
== optimized T ==
0 : sum = 0
0 : i = 0
0 : .t12 = 0
0 : i = .t12
0 : .t11 = 0
0 : sum = .t11
2 : SKIP
0 : .t3 = i
0 : .t4 = 10
0 : .t2 = .t3 < .t4
0 : iffalse .t2 goto 3
0 : .t9 = sum
0 : .t10 = i
0 : .t8 = .t9 + .t10
0 : sum = .t8
0 : .t6 = i
0 : .t7 = 1
0 : .t5 = .t6 + .t7
0 : i = .t5
0 : goto 2
3 : SKIP
0 : .t1 = sum
0 : write .t1
0 : HALT
== executing T ==
45
The number of instructions executed : 154
